Change Dir: '/Users/Technaharia/Downloads/Thrift-Test/build-ios'

Run Build Command(s): /Applications/CMake.app/Contents/bin/cmake -E env VERBOSE=1 /usr/bin/make -f Makefile
/Applications/CMake.app/Contents/bin/cmake -S/Users/Technaharia/Downloads/Thrift-Test -B/Users/Technaharia/Downloads/Thrift-Test/build-ios --check-build-system CMakeFiles/Makefile.cmake 0
/Applications/CMake.app/Contents/bin/cmake -E cmake_progress_start /Users/Technaharia/Downloads/Thrift-Test/build-ios/CMakeFiles /Users/Technaharia/Downloads/Thrift-Test/build-ios//CMakeFiles/progress.marks
/Applications/Xcode.app/Contents/Developer/usr/bin/make  -f CMakeFiles/Makefile2 all
/Applications/Xcode.app/Contents/Developer/usr/bin/make  -f CMakeFiles/SDKThirdParty.dir/build.make CMakeFiles/SDKThirdParty.dir/depend
cd /Users/Technaharia/Downloads/Thrift-Test/build-ios && /Applications/CMake.app/Contents/bin/cmake -E cmake_depends "Unix Makefiles" /Users/Technaharia/Downloads/Thrift-Test /Users/Technaharia/Downloads/Thrift-Test /Users/Technaharia/Downloads/Thrift-Test/build-ios /Users/Technaharia/Downloads/Thrift-Test/build-ios /Users/Technaharia/Downloads/Thrift-Test/build-ios/CMakeFiles/SDKThirdParty.dir/DependInfo.cmake "--color="
/Applications/Xcode.app/Contents/Developer/usr/bin/make  -f CMakeFiles/SDKThirdParty.dir/build.make CMakeFiles/SDKThirdParty.dir/build
[  6%] Creating directories for 'SDKThirdParty'
/Applications/CMake.app/Contents/bin/cmake -Dcfgdir= -P /Users/Technaharia/Downloads/Thrift-Test/build-ios/SDKThirdParty-prefix/tmp/SDKThirdParty-mkdirs.cmake
/Applications/CMake.app/Contents/bin/cmake -E touch /Users/Technaharia/Downloads/Thrift-Test/build-ios/SDKThirdParty-prefix/src/SDKThirdParty-stamp/SDKThirdParty-mkdir
[ 12%] No download step for 'SDKThirdParty'
/Applications/CMake.app/Contents/bin/cmake -E echo_append
/Applications/CMake.app/Contents/bin/cmake -E touch /Users/Technaharia/Downloads/Thrift-Test/build-ios/SDKThirdParty-prefix/src/SDKThirdParty-stamp/SDKThirdParty-download
[ 18%] No update step for 'SDKThirdParty'
/Applications/CMake.app/Contents/bin/cmake -E echo_append
/Applications/CMake.app/Contents/bin/cmake -E touch /Users/Technaharia/Downloads/Thrift-Test/build-ios/SDKThirdParty-prefix/src/SDKThirdParty-stamp/SDKThirdParty-update
[ 25%] No patch step for 'SDKThirdParty'
/Applications/CMake.app/Contents/bin/cmake -E echo_append
/Applications/CMake.app/Contents/bin/cmake -E touch /Users/Technaharia/Downloads/Thrift-Test/build-ios/SDKThirdParty-prefix/src/SDKThirdParty-stamp/SDKThirdParty-patch
[ 31%] Performing configure step for 'SDKThirdParty'
cd /Users/Technaharia/Downloads/Thrift-Test/build-ios/SDKThirdParty-prefix/src/SDKThirdParty-build && /Applications/CMake.app/Contents/bin/cmake "-GUnix Makefiles" -C/Users/Technaharia/Downloads/Thrift-Test/build-ios/SDKThirdParty-prefix/tmp/SDKThirdParty-cache-.cmake -S /Users/Technaharia/Downloads/Thrift-Test/ThirdParty -B /Users/Technaharia/Downloads/Thrift-Test/build-ios/SDKThirdParty-prefix/src/SDKThirdParty-build
loading initial cache file /Users/Technaharia/Downloads/Thrift-Test/build-ios/SDKThirdParty-prefix/tmp/SDKThirdParty-cache-.cmake
Re-run cmake no build system arguments
-- The C compiler identification is AppleClang 12.0.0.12000032
-- The CXX compiler identification is AppleClang 12.0.0.12000032
-- Detecting C compiler ABI info
-- Detecting C compiler ABI info - done
-- Check for working C compiler: /Applications/Xcode.app/Contents/Developer/Toolchains/XcodeDefault.xctoolchain/usr/bin/cc - skipped
-- Detecting C compile features
-- Detecting C compile features - done
-- Detecting CXX compiler ABI info
-- Detecting CXX compiler ABI info - done
-- Check for working CXX compiler: /Applications/Xcode.app/Contents/Developer/Toolchains/XcodeDefault.xctoolchain/usr/bin/c++ - skipped
-- Detecting CXX compile features
-- Detecting CXX compile features - done
-- Configuring done (2.2s)
-- Generating done (0.1s)
-- Build files have been written to: /Users/Technaharia/Downloads/Thrift-Test/build-ios/SDKThirdParty-prefix/src/SDKThirdParty-build
cd /Users/Technaharia/Downloads/Thrift-Test/build-ios/SDKThirdParty-prefix/src/SDKThirdParty-build && /Applications/CMake.app/Contents/bin/cmake -E touch /Users/Technaharia/Downloads/Thrift-Test/build-ios/SDKThirdParty-prefix/src/SDKThirdParty-stamp/SDKThirdParty-configure
[ 37%] Performing build step for 'SDKThirdParty'
cd /Users/Technaharia/Downloads/Thrift-Test/build-ios/SDKThirdParty-prefix/src/SDKThirdParty-build && /Applications/Xcode.app/Contents/Developer/usr/bin/make
/Applications/CMake.app/Contents/bin/cmake -S/Users/Technaharia/Downloads/Thrift-Test/ThirdParty -B/Users/Technaharia/Downloads/Thrift-Test/build-ios/SDKThirdParty-prefix/src/SDKThirdParty-build --check-build-system CMakeFiles/Makefile.cmake 0
/Applications/CMake.app/Contents/bin/cmake -E cmake_progress_start /Users/Technaharia/Downloads/Thrift-Test/build-ios/SDKThirdParty-prefix/src/SDKThirdParty-build/CMakeFiles /Users/Technaharia/Downloads/Thrift-Test/build-ios/SDKThirdParty-prefix/src/SDKThirdParty-build//CMakeFiles/progress.marks
/Applications/Xcode.app/Contents/Developer/usr/bin/make  -f CMakeFiles/Makefile2 all
/Applications/Xcode.app/Contents/Developer/usr/bin/make  -f CMakeFiles/zlib.dir/build.make CMakeFiles/zlib.dir/depend
cd /Users/Technaharia/Downloads/Thrift-Test/build-ios/SDKThirdParty-prefix/src/SDKThirdParty-build && /Applications/CMake.app/Contents/bin/cmake -E cmake_depends "Unix Makefiles" /Users/Technaharia/Downloads/Thrift-Test/ThirdParty /Users/Technaharia/Downloads/Thrift-Test/ThirdParty /Users/Technaharia/Downloads/Thrift-Test/build-ios/SDKThirdParty-prefix/src/SDKThirdParty-build /Users/Technaharia/Downloads/Thrift-Test/build-ios/SDKThirdParty-prefix/src/SDKThirdParty-build /Users/Technaharia/Downloads/Thrift-Test/build-ios/SDKThirdParty-prefix/src/SDKThirdParty-build/CMakeFiles/zlib.dir/DependInfo.cmake "--color="
/Applications/Xcode.app/Contents/Developer/usr/bin/make  -f CMakeFiles/zlib.dir/build.make CMakeFiles/zlib.dir/build
[  2%] Creating directories for 'zlib'
/Applications/CMake.app/Contents/bin/cmake -Dcfgdir= -P /Users/Technaharia/Downloads/Thrift-Test/build-ios/SDKThirdParty-prefix/src/SDKThirdParty-build/zlib-prefix/tmp/zlib-mkdirs.cmake
/Applications/CMake.app/Contents/bin/cmake -E touch /Users/Technaharia/Downloads/Thrift-Test/build-ios/SDKThirdParty-prefix/src/SDKThirdParty-build/zlib-prefix/src/zlib-stamp/zlib-mkdir
[  5%] No download step for 'zlib'
/Applications/CMake.app/Contents/bin/cmake -E echo_append
/Applications/CMake.app/Contents/bin/cmake -E touch /Users/Technaharia/Downloads/Thrift-Test/build-ios/SDKThirdParty-prefix/src/SDKThirdParty-build/zlib-prefix/src/zlib-stamp/zlib-download
[  8%] No update step for 'zlib'
/Applications/CMake.app/Contents/bin/cmake -E echo_append
/Applications/CMake.app/Contents/bin/cmake -E touch /Users/Technaharia/Downloads/Thrift-Test/build-ios/SDKThirdParty-prefix/src/SDKThirdParty-build/zlib-prefix/src/zlib-stamp/zlib-update
[ 11%] No patch step for 'zlib'
/Applications/CMake.app/Contents/bin/cmake -E echo_append
/Applications/CMake.app/Contents/bin/cmake -E touch /Users/Technaharia/Downloads/Thrift-Test/build-ios/SDKThirdParty-prefix/src/SDKThirdParty-build/zlib-prefix/src/zlib-stamp/zlib-patch
[ 13%] Performing configure step for 'zlib'
cd /Users/Technaharia/Downloads/Thrift-Test/build-ios/SDKThirdParty-prefix/src/SDKThirdParty-build/zlib-prefix/src/zlib-build && /Applications/CMake.app/Contents/bin/cmake -S /Users/Technaharia/Downloads/Thrift-Test/ThirdParty/zlib-1.2.11 -B /Users/Technaharia/Downloads/Thrift-Test/build-ios/SDKThirdParty-prefix/src/SDKThirdParty-build/zlib-prefix/src/zlib-build -DCMAKE_BUILD_TYPE=Release -DCMAKE_TOOLCHAIN_FILE=/Users/Technaharia/Downloads/Thrift-Test/ThirdParty/cmake-iostoolchain/ios.toolchain.cmake -DPLATFORM=OS64 -DCMAKE_INSTALL_PREFIX=/Users/Technaharia/Downloads/Thrift-Test/build-ios/staging
Re-run cmake no build system arguments
-- [DEFAULTS] Using explicit named language support! E.g., enable_language(CXX) is needed in the project files.
-- [DEFAULTS] Using the default min-version since DEPLOYMENT_TARGET not provided!
-- [DEFAULTS] Disabling bitcode support by default. ENABLE_BITCODE not provided for override!
-- [DEFAULTS] Enabling ARC support by default. ENABLE_ARC not provided!
-- [DEFAULTS] Hiding symbols visibility by default. ENABLE_VISIBILITY not provided!
-- [DEFAULTS] Using NON-strict compiler checks by default. ENABLE_STRICT_TRY_COMPILE not provided!
-- Configuring iphoneos build for platform: OS64, architecture(s): arm64
-- Using SDK: /Applications/Xcode.app/Contents/Developer/Platforms/iPhoneOS.platform/Developer/SDKs/iPhoneOS14.4.sdk
-- Using C compiler: /Applications/Xcode.app/Contents/Developer/Toolchains/XcodeDefault.xctoolchain/usr/bin/clang
-- Using CXX compiler: /Applications/Xcode.app/Contents/Developer/Toolchains/XcodeDefault.xctoolchain/usr/bin/clang++
-- Using libtool: /Applications/Xcode.app/Contents/Developer/Toolchains/XcodeDefault.xctoolchain/usr/bin/libtool
-- Using install name tool: /Applications/Xcode.app/Contents/Developer/Toolchains/XcodeDefault.xctoolchain/usr/bin/install_name_tool
-- Autoconf target triple: arm64-apple-ios13.0
-- Using minimum deployment version: 13.0 (SDK version: 14.4)
-- Merging integrated CMake 3.14+ iOS,tvOS,watchOS,macOS toolchain(s) with this toolchain!
-- CMake version: 3.31.0
-- Using a data_ptr size of: 8
-- Bitcode: Disabled
-- ARC: Enabled
-- Hiding symbols: Enabled
-- Configuring iphoneos build for platform: OS64, architecture(s): arm64
-- Using SDK: /Applications/Xcode.app/Contents/Developer/Platforms/iPhoneOS.platform/Developer/SDKs/iPhoneOS14.4.sdk
-- Using C compiler: /Applications/Xcode.app/Contents/Developer/Toolchains/XcodeDefault.xctoolchain/usr/bin/clang
-- Using CXX compiler: /Applications/Xcode.app/Contents/Developer/Toolchains/XcodeDefault.xctoolchain/usr/bin/clang++
-- Using libtool: /Applications/Xcode.app/Contents/Developer/Toolchains/XcodeDefault.xctoolchain/usr/bin/libtool
-- Using install name tool: /Applications/Xcode.app/Contents/Developer/Toolchains/XcodeDefault.xctoolchain/usr/bin/install_name_tool
-- Autoconf target triple: arm64-apple-ios13.0
-- Using minimum deployment version: 13.0 (SDK version: 14.4)
-- Merging integrated CMake 3.14+ iOS,tvOS,watchOS,macOS toolchain(s) with this toolchain!
-- CMake version: 3.31.0
-- Using a data_ptr size of: 8
-- Bitcode: Disabled
-- ARC: Enabled
-- Hiding symbols: Enabled
-- The C compiler identification is AppleClang 12.0.0.12000032
-- Detecting C compiler ABI info
-- Detecting C compiler ABI info - done
-- Check for working C compiler: /Applications/Xcode.app/Contents/Developer/Toolchains/XcodeDefault.xctoolchain/usr/bin/clang - skipped
-- Detecting C compile features
-- Detecting C compile features - done
-- Looking for sys/types.h
-- Looking for sys/types.h - found
-- Looking for stdint.h
-- Looking for stdint.h - found
-- Looking for stddef.h
-- Looking for stddef.h - found
-- Check size of off64_t
-- Check size of off64_t - failed
-- Looking for fseeko
-- Looking for fseeko - found
-- Looking for unistd.h
-- Looking for unistd.h - found
-- Configuring done (42.4s)
-- Generating done (0.2s)
-- Build files have been written to: /Users/Technaharia/Downloads/Thrift-Test/build-ios/SDKThirdParty-prefix/src/SDKThirdParty-build/zlib-prefix/src/zlib-build
cd /Users/Technaharia/Downloads/Thrift-Test/build-ios/SDKThirdParty-prefix/src/SDKThirdParty-build/zlib-prefix/src/zlib-build && /Applications/CMake.app/Contents/bin/cmake -E touch /Users/Technaharia/Downloads/Thrift-Test/build-ios/SDKThirdParty-prefix/src/SDKThirdParty-build/zlib-prefix/src/zlib-stamp/zlib-configure
[ 16%] Performing build step for 'zlib'
cd /Users/Technaharia/Downloads/Thrift-Test/build-ios/SDKThirdParty-prefix/src/SDKThirdParty-build/zlib-prefix/src/zlib-build && /Applications/CMake.app/Contents/bin/cmake --build /Users/Technaharia/Downloads/Thrift-Test/build-ios/SDKThirdParty-prefix/src/SDKThirdParty-build/zlib-prefix/src/zlib-build --target all
Change Dir: '/Users/Technaharia/Downloads/Thrift-Test/build-ios/SDKThirdParty-prefix/src/SDKThirdParty-build/zlib-prefix/src/zlib-build'

Run Build Command(s): /Applications/CMake.app/Contents/bin/cmake -E env VERBOSE=1 /usr/bin/make -f Makefile all
/Applications/CMake.app/Contents/bin/cmake -S/Users/Technaharia/Downloads/Thrift-Test/ThirdParty/zlib-1.2.11 -B/Users/Technaharia/Downloads/Thrift-Test/build-ios/SDKThirdParty-prefix/src/SDKThirdParty-build/zlib-prefix/src/zlib-build --check-build-system CMakeFiles/Makefile.cmake 0
/Applications/CMake.app/Contents/bin/cmake -E cmake_progress_start /Users/Technaharia/Downloads/Thrift-Test/build-ios/SDKThirdParty-prefix/src/SDKThirdParty-build/zlib-prefix/src/zlib-build/CMakeFiles /Users/Technaharia/Downloads/Thrift-Test/build-ios/SDKThirdParty-prefix/src/SDKThirdParty-build/zlib-prefix/src/zlib-build//CMakeFiles/progress.marks
/Applications/Xcode.app/Contents/Developer/usr/bin/make  -f CMakeFiles/Makefile2 all
/Applications/Xcode.app/Contents/Developer/usr/bin/make  -f CMakeFiles/zlib.dir/build.make CMakeFiles/zlib.dir/depend
cd /Users/Technaharia/Downloads/Thrift-Test/build-ios/SDKThirdParty-prefix/src/SDKThirdParty-build/zlib-prefix/src/zlib-build && /Applications/CMake.app/Contents/bin/cmake -E cmake_depends "Unix Makefiles" /Users/Technaharia/Downloads/Thrift-Test/ThirdParty/zlib-1.2.11 /Users/Technaharia/Downloads/Thrift-Test/ThirdParty/zlib-1.2.11 /Users/Technaharia/Downloads/Thrift-Test/build-ios/SDKThirdParty-prefix/src/SDKThirdParty-build/zlib-prefix/src/zlib-build /Users/Technaharia/Downloads/Thrift-Test/build-ios/SDKThirdParty-prefix/src/SDKThirdParty-build/zlib-prefix/src/zlib-build /Users/Technaharia/Downloads/Thrift-Test/build-ios/SDKThirdParty-prefix/src/SDKThirdParty-build/zlib-prefix/src/zlib-build/CMakeFiles/zlib.dir/DependInfo.cmake "--color="
/Applications/Xcode.app/Contents/Developer/usr/bin/make  -f CMakeFiles/zlib.dir/build.make CMakeFiles/zlib.dir/build
[  3%] Building C object CMakeFiles/zlib.dir/adler32.c.o
/Applications/Xcode.app/Contents/Developer/Toolchains/XcodeDefault.xctoolchain/usr/bin/clang --target=arm64-apple-ios13.0 -DZLIB_DLL -I/Users/Technaharia/Downloads/Thrift-Test/build-ios/SDKThirdParty-prefix/src/SDKThirdParty-build/zlib-prefix/src/zlib-build -I/Users/Technaharia/Downloads/Thrift-Test/ThirdParty/zlib-1.2.11 -target arm64-apple-ios13.0    -fvisibility=hidden -fvisibility-inlines-hidden  -target arm64-apple-ios13.0    -fvisibility=hidden -fvisibility-inlines-hidden  -DNDEBUG -O3 -DNDEBUG -O3  -arch arm64 -isysroot /Applications/Xcode.app/Contents/Developer/Platforms/iPhoneOS.platform/Developer/SDKs/iPhoneOS14.4.sdk -miphoneos-version-min=13.0 -fPIC -MD -MT CMakeFiles/zlib.dir/adler32.c.o -MF CMakeFiles/zlib.dir/adler32.c.o.d -o CMakeFiles/zlib.dir/adler32.c.o -c /Users/Technaharia/Downloads/Thrift-Test/ThirdParty/zlib-1.2.11/adler32.c
[  6%] Building C object CMakeFiles/zlib.dir/compress.c.o
/Applications/Xcode.app/Contents/Developer/Toolchains/XcodeDefault.xctoolchain/usr/bin/clang --target=arm64-apple-ios13.0 -DZLIB_DLL -I/Users/Technaharia/Downloads/Thrift-Test/build-ios/SDKThirdParty-prefix/src/SDKThirdParty-build/zlib-prefix/src/zlib-build -I/Users/Technaharia/Downloads/Thrift-Test/ThirdParty/zlib-1.2.11 -target arm64-apple-ios13.0    -fvisibility=hidden -fvisibility-inlines-hidden  -target arm64-apple-ios13.0    -fvisibility=hidden -fvisibility-inlines-hidden  -DNDEBUG -O3 -DNDEBUG -O3  -arch arm64 -isysroot /Applications/Xcode.app/Contents/Developer/Platforms/iPhoneOS.platform/Developer/SDKs/iPhoneOS14.4.sdk -miphoneos-version-min=13.0 -fPIC -MD -MT CMakeFiles/zlib.dir/compress.c.o -MF CMakeFiles/zlib.dir/compress.c.o.d -o CMakeFiles/zlib.dir/compress.c.o -c /Users/Technaharia/Downloads/Thrift-Test/ThirdParty/zlib-1.2.11/compress.c
[  9%] Building C object CMakeFiles/zlib.dir/crc32.c.o
/Applications/Xcode.app/Contents/Developer/Toolchains/XcodeDefault.xctoolchain/usr/bin/clang --target=arm64-apple-ios13.0 -DZLIB_DLL -I/Users/Technaharia/Downloads/Thrift-Test/build-ios/SDKThirdParty-prefix/src/SDKThirdParty-build/zlib-prefix/src/zlib-build -I/Users/Technaharia/Downloads/Thrift-Test/ThirdParty/zlib-1.2.11 -target arm64-apple-ios13.0    -fvisibility=hidden -fvisibility-inlines-hidden  -target arm64-apple-ios13.0    -fvisibility=hidden -fvisibility-inlines-hidden  -DNDEBUG -O3 -DNDEBUG -O3  -arch arm64 -isysroot /Applications/Xcode.app/Contents/Developer/Platforms/iPhoneOS.platform/Developer/SDKs/iPhoneOS14.4.sdk -miphoneos-version-min=13.0 -fPIC -MD -MT CMakeFiles/zlib.dir/crc32.c.o -MF CMakeFiles/zlib.dir/crc32.c.o.d -o CMakeFiles/zlib.dir/crc32.c.o -c /Users/Technaharia/Downloads/Thrift-Test/ThirdParty/zlib-1.2.11/crc32.c
[ 12%] Building C object CMakeFiles/zlib.dir/deflate.c.o
/Applications/Xcode.app/Contents/Developer/Toolchains/XcodeDefault.xctoolchain/usr/bin/clang --target=arm64-apple-ios13.0 -DZLIB_DLL -I/Users/Technaharia/Downloads/Thrift-Test/build-ios/SDKThirdParty-prefix/src/SDKThirdParty-build/zlib-prefix/src/zlib-build -I/Users/Technaharia/Downloads/Thrift-Test/ThirdParty/zlib-1.2.11 -target arm64-apple-ios13.0    -fvisibility=hidden -fvisibility-inlines-hidden  -target arm64-apple-ios13.0    -fvisibility=hidden -fvisibility-inlines-hidden  -DNDEBUG -O3 -DNDEBUG -O3  -arch arm64 -isysroot /Applications/Xcode.app/Contents/Developer/Platforms/iPhoneOS.platform/Developer/SDKs/iPhoneOS14.4.sdk -miphoneos-version-min=13.0 -fPIC -MD -MT CMakeFiles/zlib.dir/deflate.c.o -MF CMakeFiles/zlib.dir/deflate.c.o.d -o CMakeFiles/zlib.dir/deflate.c.o -c /Users/Technaharia/Downloads/Thrift-Test/ThirdParty/zlib-1.2.11/deflate.c
[ 15%] Building C object CMakeFiles/zlib.dir/gzclose.c.o
/Applications/Xcode.app/Contents/Developer/Toolchains/XcodeDefault.xctoolchain/usr/bin/clang --target=arm64-apple-ios13.0 -DZLIB_DLL -I/Users/Technaharia/Downloads/Thrift-Test/build-ios/SDKThirdParty-prefix/src/SDKThirdParty-build/zlib-prefix/src/zlib-build -I/Users/Technaharia/Downloads/Thrift-Test/ThirdParty/zlib-1.2.11 -target arm64-apple-ios13.0    -fvisibility=hidden -fvisibility-inlines-hidden  -target arm64-apple-ios13.0    -fvisibility=hidden -fvisibility-inlines-hidden  -DNDEBUG -O3 -DNDEBUG -O3  -arch arm64 -isysroot /Applications/Xcode.app/Contents/Developer/Platforms/iPhoneOS.platform/Developer/SDKs/iPhoneOS14.4.sdk -miphoneos-version-min=13.0 -fPIC -MD -MT CMakeFiles/zlib.dir/gzclose.c.o -MF CMakeFiles/zlib.dir/gzclose.c.o.d -o CMakeFiles/zlib.dir/gzclose.c.o -c /Users/Technaharia/Downloads/Thrift-Test/ThirdParty/zlib-1.2.11/gzclose.c
[ 18%] Building C object CMakeFiles/zlib.dir/gzlib.c.o
/Applications/Xcode.app/Contents/Developer/Toolchains/XcodeDefault.xctoolchain/usr/bin/clang --target=arm64-apple-ios13.0 -DZLIB_DLL -I/Users/Technaharia/Downloads/Thrift-Test/build-ios/SDKThirdParty-prefix/src/SDKThirdParty-build/zlib-prefix/src/zlib-build -I/Users/Technaharia/Downloads/Thrift-Test/ThirdParty/zlib-1.2.11 -target arm64-apple-ios13.0    -fvisibility=hidden -fvisibility-inlines-hidden  -target arm64-apple-ios13.0    -fvisibility=hidden -fvisibility-inlines-hidden  -DNDEBUG -O3 -DNDEBUG -O3  -arch arm64 -isysroot /Applications/Xcode.app/Contents/Developer/Platforms/iPhoneOS.platform/Developer/SDKs/iPhoneOS14.4.sdk -miphoneos-version-min=13.0 -fPIC -MD -MT CMakeFiles/zlib.dir/gzlib.c.o -MF CMakeFiles/zlib.dir/gzlib.c.o.d -o CMakeFiles/zlib.dir/gzlib.c.o -c /Users/Technaharia/Downloads/Thrift-Test/ThirdParty/zlib-1.2.11/gzlib.c
[ 21%] Building C object CMakeFiles/zlib.dir/gzread.c.o
/Applications/Xcode.app/Contents/Developer/Toolchains/XcodeDefault.xctoolchain/usr/bin/clang --target=arm64-apple-ios13.0 -DZLIB_DLL -I/Users/Technaharia/Downloads/Thrift-Test/build-ios/SDKThirdParty-prefix/src/SDKThirdParty-build/zlib-prefix/src/zlib-build -I/Users/Technaharia/Downloads/Thrift-Test/ThirdParty/zlib-1.2.11 -target arm64-apple-ios13.0    -fvisibility=hidden -fvisibility-inlines-hidden  -target arm64-apple-ios13.0    -fvisibility=hidden -fvisibility-inlines-hidden  -DNDEBUG -O3 -DNDEBUG -O3  -arch arm64 -isysroot /Applications/Xcode.app/Contents/Developer/Platforms/iPhoneOS.platform/Developer/SDKs/iPhoneOS14.4.sdk -miphoneos-version-min=13.0 -fPIC -MD -MT CMakeFiles/zlib.dir/gzread.c.o -MF CMakeFiles/zlib.dir/gzread.c.o.d -o CMakeFiles/zlib.dir/gzread.c.o -c /Users/Technaharia/Downloads/Thrift-Test/ThirdParty/zlib-1.2.11/gzread.c
[ 25%] Building C object CMakeFiles/zlib.dir/gzwrite.c.o
/Applications/Xcode.app/Contents/Developer/Toolchains/XcodeDefault.xctoolchain/usr/bin/clang --target=arm64-apple-ios13.0 -DZLIB_DLL -I/Users/Technaharia/Downloads/Thrift-Test/build-ios/SDKThirdParty-prefix/src/SDKThirdParty-build/zlib-prefix/src/zlib-build -I/Users/Technaharia/Downloads/Thrift-Test/ThirdParty/zlib-1.2.11 -target arm64-apple-ios13.0    -fvisibility=hidden -fvisibility-inlines-hidden  -target arm64-apple-ios13.0    -fvisibility=hidden -fvisibility-inlines-hidden  -DNDEBUG -O3 -DNDEBUG -O3  -arch arm64 -isysroot /Applications/Xcode.app/Contents/Developer/Platforms/iPhoneOS.platform/Developer/SDKs/iPhoneOS14.4.sdk -miphoneos-version-min=13.0 -fPIC -MD -MT CMakeFiles/zlib.dir/gzwrite.c.o -MF CMakeFiles/zlib.dir/gzwrite.c.o.d -o CMakeFiles/zlib.dir/gzwrite.c.o -c /Users/Technaharia/Downloads/Thrift-Test/ThirdParty/zlib-1.2.11/gzwrite.c
[ 28%] Building C object CMakeFiles/zlib.dir/inflate.c.o
/Applications/Xcode.app/Contents/Developer/Toolchains/XcodeDefault.xctoolchain/usr/bin/clang --target=arm64-apple-ios13.0 -DZLIB_DLL -I/Users/Technaharia/Downloads/Thrift-Test/build-ios/SDKThirdParty-prefix/src/SDKThirdParty-build/zlib-prefix/src/zlib-build -I/Users/Technaharia/Downloads/Thrift-Test/ThirdParty/zlib-1.2.11 -target arm64-apple-ios13.0    -fvisibility=hidden -fvisibility-inlines-hidden  -target arm64-apple-ios13.0    -fvisibility=hidden -fvisibility-inlines-hidden  -DNDEBUG -O3 -DNDEBUG -O3  -arch arm64 -isysroot /Applications/Xcode.app/Contents/Developer/Platforms/iPhoneOS.platform/Developer/SDKs/iPhoneOS14.4.sdk -miphoneos-version-min=13.0 -fPIC -MD -MT CMakeFiles/zlib.dir/inflate.c.o -MF CMakeFiles/zlib.dir/inflate.c.o.d -o CMakeFiles/zlib.dir/inflate.c.o -c /Users/Technaharia/Downloads/Thrift-Test/ThirdParty/zlib-1.2.11/inflate.c
[ 31%] Building C object CMakeFiles/zlib.dir/infback.c.o
/Applications/Xcode.app/Contents/Developer/Toolchains/XcodeDefault.xctoolchain/usr/bin/clang --target=arm64-apple-ios13.0 -DZLIB_DLL -I/Users/Technaharia/Downloads/Thrift-Test/build-ios/SDKThirdParty-prefix/src/SDKThirdParty-build/zlib-prefix/src/zlib-build -I/Users/Technaharia/Downloads/Thrift-Test/ThirdParty/zlib-1.2.11 -target arm64-apple-ios13.0    -fvisibility=hidden -fvisibility-inlines-hidden  -target arm64-apple-ios13.0    -fvisibility=hidden -fvisibility-inlines-hidden  -DNDEBUG -O3 -DNDEBUG -O3  -arch arm64 -isysroot /Applications/Xcode.app/Contents/Developer/Platforms/iPhoneOS.platform/Developer/SDKs/iPhoneOS14.4.sdk -miphoneos-version-min=13.0 -fPIC -MD -MT CMakeFiles/zlib.dir/infback.c.o -MF CMakeFiles/zlib.dir/infback.c.o.d -o CMakeFiles/zlib.dir/infback.c.o -c /Users/Technaharia/Downloads/Thrift-Test/ThirdParty/zlib-1.2.11/infback.c
[ 34%] Building C object CMakeFiles/zlib.dir/inftrees.c.o
/Applications/Xcode.app/Contents/Developer/Toolchains/XcodeDefault.xctoolchain/usr/bin/clang --target=arm64-apple-ios13.0 -DZLIB_DLL -I/Users/Technaharia/Downloads/Thrift-Test/build-ios/SDKThirdParty-prefix/src/SDKThirdParty-build/zlib-prefix/src/zlib-build -I/Users/Technaharia/Downloads/Thrift-Test/ThirdParty/zlib-1.2.11 -target arm64-apple-ios13.0    -fvisibility=hidden -fvisibility-inlines-hidden  -target arm64-apple-ios13.0    -fvisibility=hidden -fvisibility-inlines-hidden  -DNDEBUG -O3 -DNDEBUG -O3  -arch arm64 -isysroot /Applications/Xcode.app/Contents/Developer/Platforms/iPhoneOS.platform/Developer/SDKs/iPhoneOS14.4.sdk -miphoneos-version-min=13.0 -fPIC -MD -MT CMakeFiles/zlib.dir/inftrees.c.o -MF CMakeFiles/zlib.dir/inftrees.c.o.d -o CMakeFiles/zlib.dir/inftrees.c.o -c /Users/Technaharia/Downloads/Thrift-Test/ThirdParty/zlib-1.2.11/inftrees.c
[ 37%] Building C object CMakeFiles/zlib.dir/inffast.c.o
/Applications/Xcode.app/Contents/Developer/Toolchains/XcodeDefault.xctoolchain/usr/bin/clang --target=arm64-apple-ios13.0 -DZLIB_DLL -I/Users/Technaharia/Downloads/Thrift-Test/build-ios/SDKThirdParty-prefix/src/SDKThirdParty-build/zlib-prefix/src/zlib-build -I/Users/Technaharia/Downloads/Thrift-Test/ThirdParty/zlib-1.2.11 -target arm64-apple-ios13.0    -fvisibility=hidden -fvisibility-inlines-hidden  -target arm64-apple-ios13.0    -fvisibility=hidden -fvisibility-inlines-hidden  -DNDEBUG -O3 -DNDEBUG -O3  -arch arm64 -isysroot /Applications/Xcode.app/Contents/Developer/Platforms/iPhoneOS.platform/Developer/SDKs/iPhoneOS14.4.sdk -miphoneos-version-min=13.0 -fPIC -MD -MT CMakeFiles/zlib.dir/inffast.c.o -MF CMakeFiles/zlib.dir/inffast.c.o.d -o CMakeFiles/zlib.dir/inffast.c.o -c /Users/Technaharia/Downloads/Thrift-Test/ThirdParty/zlib-1.2.11/inffast.c
[ 40%] Building C object CMakeFiles/zlib.dir/trees.c.o
/Applications/Xcode.app/Contents/Developer/Toolchains/XcodeDefault.xctoolchain/usr/bin/clang --target=arm64-apple-ios13.0 -DZLIB_DLL -I/Users/Technaharia/Downloads/Thrift-Test/build-ios/SDKThirdParty-prefix/src/SDKThirdParty-build/zlib-prefix/src/zlib-build -I/Users/Technaharia/Downloads/Thrift-Test/ThirdParty/zlib-1.2.11 -target arm64-apple-ios13.0    -fvisibility=hidden -fvisibility-inlines-hidden  -target arm64-apple-ios13.0    -fvisibility=hidden -fvisibility-inlines-hidden  -DNDEBUG -O3 -DNDEBUG -O3  -arch arm64 -isysroot /Applications/Xcode.app/Contents/Developer/Platforms/iPhoneOS.platform/Developer/SDKs/iPhoneOS14.4.sdk -miphoneos-version-min=13.0 -fPIC -MD -MT CMakeFiles/zlib.dir/trees.c.o -MF CMakeFiles/zlib.dir/trees.c.o.d -o CMakeFiles/zlib.dir/trees.c.o -c /Users/Technaharia/Downloads/Thrift-Test/ThirdParty/zlib-1.2.11/trees.c
[ 43%] Building C object CMakeFiles/zlib.dir/uncompr.c.o
/Applications/Xcode.app/Contents/Developer/Toolchains/XcodeDefault.xctoolchain/usr/bin/clang --target=arm64-apple-ios13.0 -DZLIB_DLL -I/Users/Technaharia/Downloads/Thrift-Test/build-ios/SDKThirdParty-prefix/src/SDKThirdParty-build/zlib-prefix/src/zlib-build -I/Users/Technaharia/Downloads/Thrift-Test/ThirdParty/zlib-1.2.11 -target arm64-apple-ios13.0    -fvisibility=hidden -fvisibility-inlines-hidden  -target arm64-apple-ios13.0    -fvisibility=hidden -fvisibility-inlines-hidden  -DNDEBUG -O3 -DNDEBUG -O3  -arch arm64 -isysroot /Applications/Xcode.app/Contents/Developer/Platforms/iPhoneOS.platform/Developer/SDKs/iPhoneOS14.4.sdk -miphoneos-version-min=13.0 -fPIC -MD -MT CMakeFiles/zlib.dir/uncompr.c.o -MF CMakeFiles/zlib.dir/uncompr.c.o.d -o CMakeFiles/zlib.dir/uncompr.c.o -c /Users/Technaharia/Downloads/Thrift-Test/ThirdParty/zlib-1.2.11/uncompr.c
[ 46%] Building C object CMakeFiles/zlib.dir/zutil.c.o
/Applications/Xcode.app/Contents/Developer/Toolchains/XcodeDefault.xctoolchain/usr/bin/clang --target=arm64-apple-ios13.0 -DZLIB_DLL -I/Users/Technaharia/Downloads/Thrift-Test/build-ios/SDKThirdParty-prefix/src/SDKThirdParty-build/zlib-prefix/src/zlib-build -I/Users/Technaharia/Downloads/Thrift-Test/ThirdParty/zlib-1.2.11 -target arm64-apple-ios13.0    -fvisibility=hidden -fvisibility-inlines-hidden  -target arm64-apple-ios13.0    -fvisibility=hidden -fvisibility-inlines-hidden  -DNDEBUG -O3 -DNDEBUG -O3  -arch arm64 -isysroot /Applications/Xcode.app/Contents/Developer/Platforms/iPhoneOS.platform/Developer/SDKs/iPhoneOS14.4.sdk -miphoneos-version-min=13.0 -fPIC -MD -MT CMakeFiles/zlib.dir/zutil.c.o -MF CMakeFiles/zlib.dir/zutil.c.o.d -o CMakeFiles/zlib.dir/zutil.c.o -c /Users/Technaharia/Downloads/Thrift-Test/ThirdParty/zlib-1.2.11/zutil.c
[ 50%] Linking C shared library libz.dylib
/Applications/CMake.app/Contents/bin/cmake -E cmake_link_script CMakeFiles/zlib.dir/link.txt --verbose=1
/Applications/Xcode.app/Contents/Developer/Toolchains/XcodeDefault.xctoolchain/usr/bin/clang --target=arm64-apple-ios13.0  -target arm64-apple-ios13.0    -fvisibility=hidden -fvisibility-inlines-hidden  -target arm64-apple-ios13.0    -fvisibility=hidden -fvisibility-inlines-hidden  -DNDEBUG -O3 -DNDEBUG -O3  -arch arm64 -isysroot /Applications/Xcode.app/Contents/Developer/Platforms/iPhoneOS.platform/Developer/SDKs/iPhoneOS14.4.sdk -miphoneos-version-min=13.0 -dynamiclib -Wl,-headerpad_max_install_names -rpath @executable_path/Frameworks -rpath @loader_path/Frameworks -compatibility_version 1.0.0 -current_version 1.2.11 -o libz.1.2.11.dylib -install_name @rpath/libz.1.dylib CMakeFiles/zlib.dir/adler32.c.o CMakeFiles/zlib.dir/compress.c.o CMakeFiles/zlib.dir/crc32.c.o CMakeFiles/zlib.dir/deflate.c.o CMakeFiles/zlib.dir/gzclose.c.o CMakeFiles/zlib.dir/gzlib.c.o CMakeFiles/zlib.dir/gzread.c.o CMakeFiles/zlib.dir/gzwrite.c.o CMakeFiles/zlib.dir/inflate.c.o CMakeFiles/zlib.dir/infback.c.o CMakeFiles/zlib.dir/inftrees.c.o CMakeFiles/zlib.dir/inffast.c.o CMakeFiles/zlib.dir/trees.c.o CMakeFiles/zlib.dir/uncompr.c.o CMakeFiles/zlib.dir/zutil.c.o
/Applications/CMake.app/Contents/bin/cmake -E cmake_symlink_library libz.1.2.11.dylib libz.1.dylib libz.dylib
[ 50%] Built target zlib
/Applications/Xcode.app/Contents/Developer/usr/bin/make  -f CMakeFiles/zlibstatic.dir/build.make CMakeFiles/zlibstatic.dir/depend
cd /Users/Technaharia/Downloads/Thrift-Test/build-ios/SDKThirdParty-prefix/src/SDKThirdParty-build/zlib-prefix/src/zlib-build && /Applications/CMake.app/Contents/bin/cmake -E cmake_depends "Unix Makefiles" /Users/Technaharia/Downloads/Thrift-Test/ThirdParty/zlib-1.2.11 /Users/Technaharia/Downloads/Thrift-Test/ThirdParty/zlib-1.2.11 /Users/Technaharia/Downloads/Thrift-Test/build-ios/SDKThirdParty-prefix/src/SDKThirdParty-build/zlib-prefix/src/zlib-build /Users/Technaharia/Downloads/Thrift-Test/build-ios/SDKThirdParty-prefix/src/SDKThirdParty-build/zlib-prefix/src/zlib-build /Users/Technaharia/Downloads/Thrift-Test/build-ios/SDKThirdParty-prefix/src/SDKThirdParty-build/zlib-prefix/src/zlib-build/CMakeFiles/zlibstatic.dir/DependInfo.cmake "--color="
/Applications/Xcode.app/Contents/Developer/usr/bin/make  -f CMakeFiles/zlibstatic.dir/build.make CMakeFiles/zlibstatic.dir/build
[ 53%] Building C object CMakeFiles/zlibstatic.dir/adler32.c.o
/Applications/Xcode.app/Contents/Developer/Toolchains/XcodeDefault.xctoolchain/usr/bin/clang --target=arm64-apple-ios13.0  -I/Users/Technaharia/Downloads/Thrift-Test/build-ios/SDKThirdParty-prefix/src/SDKThirdParty-build/zlib-prefix/src/zlib-build -I/Users/Technaharia/Downloads/Thrift-Test/ThirdParty/zlib-1.2.11 -target arm64-apple-ios13.0    -fvisibility=hidden -fvisibility-inlines-hidden  -target arm64-apple-ios13.0    -fvisibility=hidden -fvisibility-inlines-hidden  -DNDEBUG -O3 -DNDEBUG -O3  -arch arm64 -isysroot /Applications/Xcode.app/Contents/Developer/Platforms/iPhoneOS.platform/Developer/SDKs/iPhoneOS14.4.sdk -miphoneos-version-min=13.0 -MD -MT CMakeFiles/zlibstatic.dir/adler32.c.o -MF CMakeFiles/zlibstatic.dir/adler32.c.o.d -o CMakeFiles/zlibstatic.dir/adler32.c.o -c /Users/Technaharia/Downloads/Thrift-Test/ThirdParty/zlib-1.2.11/adler32.c
[ 56%] Building C object CMakeFiles/zlibstatic.dir/compress.c.o
/Applications/Xcode.app/Contents/Developer/Toolchains/XcodeDefault.xctoolchain/usr/bin/clang --target=arm64-apple-ios13.0  -I/Users/Technaharia/Downloads/Thrift-Test/build-ios/SDKThirdParty-prefix/src/SDKThirdParty-build/zlib-prefix/src/zlib-build -I/Users/Technaharia/Downloads/Thrift-Test/ThirdParty/zlib-1.2.11 -target arm64-apple-ios13.0    -fvisibility=hidden -fvisibility-inlines-hidden  -target arm64-apple-ios13.0    -fvisibility=hidden -fvisibility-inlines-hidden  -DNDEBUG -O3 -DNDEBUG -O3  -arch arm64 -isysroot /Applications/Xcode.app/Contents/Developer/Platforms/iPhoneOS.platform/Developer/SDKs/iPhoneOS14.4.sdk -miphoneos-version-min=13.0 -MD -MT CMakeFiles/zlibstatic.dir/compress.c.o -MF CMakeFiles/zlibstatic.dir/compress.c.o.d -o CMakeFiles/zlibstatic.dir/compress.c.o -c /Users/Technaharia/Downloads/Thrift-Test/ThirdParty/zlib-1.2.11/compress.c
[ 59%] Building C object CMakeFiles/zlibstatic.dir/crc32.c.o
/Applications/Xcode.app/Contents/Developer/Toolchains/XcodeDefault.xctoolchain/usr/bin/clang --target=arm64-apple-ios13.0  -I/Users/Technaharia/Downloads/Thrift-Test/build-ios/SDKThirdParty-prefix/src/SDKThirdParty-build/zlib-prefix/src/zlib-build -I/Users/Technaharia/Downloads/Thrift-Test/ThirdParty/zlib-1.2.11 -target arm64-apple-ios13.0    -fvisibility=hidden -fvisibility-inlines-hidden  -target arm64-apple-ios13.0    -fvisibility=hidden -fvisibility-inlines-hidden  -DNDEBUG -O3 -DNDEBUG -O3  -arch arm64 -isysroot /Applications/Xcode.app/Contents/Developer/Platforms/iPhoneOS.platform/Developer/SDKs/iPhoneOS14.4.sdk -miphoneos-version-min=13.0 -MD -MT CMakeFiles/zlibstatic.dir/crc32.c.o -MF CMakeFiles/zlibstatic.dir/crc32.c.o.d -o CMakeFiles/zlibstatic.dir/crc32.c.o -c /Users/Technaharia/Downloads/Thrift-Test/ThirdParty/zlib-1.2.11/crc32.c
[ 62%] Building C object CMakeFiles/zlibstatic.dir/deflate.c.o
/Applications/Xcode.app/Contents/Developer/Toolchains/XcodeDefault.xctoolchain/usr/bin/clang --target=arm64-apple-ios13.0  -I/Users/Technaharia/Downloads/Thrift-Test/build-ios/SDKThirdParty-prefix/src/SDKThirdParty-build/zlib-prefix/src/zlib-build -I/Users/Technaharia/Downloads/Thrift-Test/ThirdParty/zlib-1.2.11 -target arm64-apple-ios13.0    -fvisibility=hidden -fvisibility-inlines-hidden  -target arm64-apple-ios13.0    -fvisibility=hidden -fvisibility-inlines-hidden  -DNDEBUG -O3 -DNDEBUG -O3  -arch arm64 -isysroot /Applications/Xcode.app/Contents/Developer/Platforms/iPhoneOS.platform/Developer/SDKs/iPhoneOS14.4.sdk -miphoneos-version-min=13.0 -MD -MT CMakeFiles/zlibstatic.dir/deflate.c.o -MF CMakeFiles/zlibstatic.dir/deflate.c.o.d -o CMakeFiles/zlibstatic.dir/deflate.c.o -c /Users/Technaharia/Downloads/Thrift-Test/ThirdParty/zlib-1.2.11/deflate.c
[ 65%] Building C object CMakeFiles/zlibstatic.dir/gzclose.c.o
/Applications/Xcode.app/Contents/Developer/Toolchains/XcodeDefault.xctoolchain/usr/bin/clang --target=arm64-apple-ios13.0  -I/Users/Technaharia/Downloads/Thrift-Test/build-ios/SDKThirdParty-prefix/src/SDKThirdParty-build/zlib-prefix/src/zlib-build -I/Users/Technaharia/Downloads/Thrift-Test/ThirdParty/zlib-1.2.11 -target arm64-apple-ios13.0    -fvisibility=hidden -fvisibility-inlines-hidden  -target arm64-apple-ios13.0    -fvisibility=hidden -fvisibility-inlines-hidden  -DNDEBUG -O3 -DNDEBUG -O3  -arch arm64 -isysroot /Applications/Xcode.app/Contents/Developer/Platforms/iPhoneOS.platform/Developer/SDKs/iPhoneOS14.4.sdk -miphoneos-version-min=13.0 -MD -MT CMakeFiles/zlibstatic.dir/gzclose.c.o -MF CMakeFiles/zlibstatic.dir/gzclose.c.o.d -o CMakeFiles/zlibstatic.dir/gzclose.c.o -c /Users/Technaharia/Downloads/Thrift-Test/ThirdParty/zlib-1.2.11/gzclose.c
[ 68%] Building C object CMakeFiles/zlibstatic.dir/gzlib.c.o
/Applications/Xcode.app/Contents/Developer/Toolchains/XcodeDefault.xctoolchain/usr/bin/clang --target=arm64-apple-ios13.0  -I/Users/Technaharia/Downloads/Thrift-Test/build-ios/SDKThirdParty-prefix/src/SDKThirdParty-build/zlib-prefix/src/zlib-build -I/Users/Technaharia/Downloads/Thrift-Test/ThirdParty/zlib-1.2.11 -target arm64-apple-ios13.0    -fvisibility=hidden -fvisibility-inlines-hidden  -target arm64-apple-ios13.0    -fvisibility=hidden -fvisibility-inlines-hidden  -DNDEBUG -O3 -DNDEBUG -O3  -arch arm64 -isysroot /Applications/Xcode.app/Contents/Developer/Platforms/iPhoneOS.platform/Developer/SDKs/iPhoneOS14.4.sdk -miphoneos-version-min=13.0 -MD -MT CMakeFiles/zlibstatic.dir/gzlib.c.o -MF CMakeFiles/zlibstatic.dir/gzlib.c.o.d -o CMakeFiles/zlibstatic.dir/gzlib.c.o -c /Users/Technaharia/Downloads/Thrift-Test/ThirdParty/zlib-1.2.11/gzlib.c
[ 71%] Building C object CMakeFiles/zlibstatic.dir/gzread.c.o
/Applications/Xcode.app/Contents/Developer/Toolchains/XcodeDefault.xctoolchain/usr/bin/clang --target=arm64-apple-ios13.0  -I/Users/Technaharia/Downloads/Thrift-Test/build-ios/SDKThirdParty-prefix/src/SDKThirdParty-build/zlib-prefix/src/zlib-build -I/Users/Technaharia/Downloads/Thrift-Test/ThirdParty/zlib-1.2.11 -target arm64-apple-ios13.0    -fvisibility=hidden -fvisibility-inlines-hidden  -target arm64-apple-ios13.0    -fvisibility=hidden -fvisibility-inlines-hidden  -DNDEBUG -O3 -DNDEBUG -O3  -arch arm64 -isysroot /Applications/Xcode.app/Contents/Developer/Platforms/iPhoneOS.platform/Developer/SDKs/iPhoneOS14.4.sdk -miphoneos-version-min=13.0 -MD -MT CMakeFiles/zlibstatic.dir/gzread.c.o -MF CMakeFiles/zlibstatic.dir/gzread.c.o.d -o CMakeFiles/zlibstatic.dir/gzread.c.o -c /Users/Technaharia/Downloads/Thrift-Test/ThirdParty/zlib-1.2.11/gzread.c
[ 75%] Building C object CMakeFiles/zlibstatic.dir/gzwrite.c.o
/Applications/Xcode.app/Contents/Developer/Toolchains/XcodeDefault.xctoolchain/usr/bin/clang --target=arm64-apple-ios13.0  -I/Users/Technaharia/Downloads/Thrift-Test/build-ios/SDKThirdParty-prefix/src/SDKThirdParty-build/zlib-prefix/src/zlib-build -I/Users/Technaharia/Downloads/Thrift-Test/ThirdParty/zlib-1.2.11 -target arm64-apple-ios13.0    -fvisibility=hidden -fvisibility-inlines-hidden  -target arm64-apple-ios13.0    -fvisibility=hidden -fvisibility-inlines-hidden  -DNDEBUG -O3 -DNDEBUG -O3  -arch arm64 -isysroot /Applications/Xcode.app/Contents/Developer/Platforms/iPhoneOS.platform/Developer/SDKs/iPhoneOS14.4.sdk -miphoneos-version-min=13.0 -MD -MT CMakeFiles/zlibstatic.dir/gzwrite.c.o -MF CMakeFiles/zlibstatic.dir/gzwrite.c.o.d -o CMakeFiles/zlibstatic.dir/gzwrite.c.o -c /Users/Technaharia/Downloads/Thrift-Test/ThirdParty/zlib-1.2.11/gzwrite.c
[ 78%] Building C object CMakeFiles/zlibstatic.dir/inflate.c.o
/Applications/Xcode.app/Contents/Developer/Toolchains/XcodeDefault.xctoolchain/usr/bin/clang --target=arm64-apple-ios13.0  -I/Users/Technaharia/Downloads/Thrift-Test/build-ios/SDKThirdParty-prefix/src/SDKThirdParty-build/zlib-prefix/src/zlib-build -I/Users/Technaharia/Downloads/Thrift-Test/ThirdParty/zlib-1.2.11 -target arm64-apple-ios13.0    -fvisibility=hidden -fvisibility-inlines-hidden  -target arm64-apple-ios13.0    -fvisibility=hidden -fvisibility-inlines-hidden  -DNDEBUG -O3 -DNDEBUG -O3  -arch arm64 -isysroot /Applications/Xcode.app/Contents/Developer/Platforms/iPhoneOS.platform/Developer/SDKs/iPhoneOS14.4.sdk -miphoneos-version-min=13.0 -MD -MT CMakeFiles/zlibstatic.dir/inflate.c.o -MF CMakeFiles/zlibstatic.dir/inflate.c.o.d -o CMakeFiles/zlibstatic.dir/inflate.c.o -c /Users/Technaharia/Downloads/Thrift-Test/ThirdParty/zlib-1.2.11/inflate.c
[ 81%] Building C object CMakeFiles/zlibstatic.dir/infback.c.o
/Applications/Xcode.app/Contents/Developer/Toolchains/XcodeDefault.xctoolchain/usr/bin/clang --target=arm64-apple-ios13.0  -I/Users/Technaharia/Downloads/Thrift-Test/build-ios/SDKThirdParty-prefix/src/SDKThirdParty-build/zlib-prefix/src/zlib-build -I/Users/Technaharia/Downloads/Thrift-Test/ThirdParty/zlib-1.2.11 -target arm64-apple-ios13.0    -fvisibility=hidden -fvisibility-inlines-hidden  -target arm64-apple-ios13.0    -fvisibility=hidden -fvisibility-inlines-hidden  -DNDEBUG -O3 -DNDEBUG -O3  -arch arm64 -isysroot /Applications/Xcode.app/Contents/Developer/Platforms/iPhoneOS.platform/Developer/SDKs/iPhoneOS14.4.sdk -miphoneos-version-min=13.0 -MD -MT CMakeFiles/zlibstatic.dir/infback.c.o -MF CMakeFiles/zlibstatic.dir/infback.c.o.d -o CMakeFiles/zlibstatic.dir/infback.c.o -c /Users/Technaharia/Downloads/Thrift-Test/ThirdParty/zlib-1.2.11/infback.c
[ 84%] Building C object CMakeFiles/zlibstatic.dir/inftrees.c.o
/Applications/Xcode.app/Contents/Developer/Toolchains/XcodeDefault.xctoolchain/usr/bin/clang --target=arm64-apple-ios13.0  -I/Users/Technaharia/Downloads/Thrift-Test/build-ios/SDKThirdParty-prefix/src/SDKThirdParty-build/zlib-prefix/src/zlib-build -I/Users/Technaharia/Downloads/Thrift-Test/ThirdParty/zlib-1.2.11 -target arm64-apple-ios13.0    -fvisibility=hidden -fvisibility-inlines-hidden  -target arm64-apple-ios13.0    -fvisibility=hidden -fvisibility-inlines-hidden  -DNDEBUG -O3 -DNDEBUG -O3  -arch arm64 -isysroot /Applications/Xcode.app/Contents/Developer/Platforms/iPhoneOS.platform/Developer/SDKs/iPhoneOS14.4.sdk -miphoneos-version-min=13.0 -MD -MT CMakeFiles/zlibstatic.dir/inftrees.c.o -MF CMakeFiles/zlibstatic.dir/inftrees.c.o.d -o CMakeFiles/zlibstatic.dir/inftrees.c.o -c /Users/Technaharia/Downloads/Thrift-Test/ThirdParty/zlib-1.2.11/inftrees.c
[ 87%] Building C object CMakeFiles/zlibstatic.dir/inffast.c.o
/Applications/Xcode.app/Contents/Developer/Toolchains/XcodeDefault.xctoolchain/usr/bin/clang --target=arm64-apple-ios13.0  -I/Users/Technaharia/Downloads/Thrift-Test/build-ios/SDKThirdParty-prefix/src/SDKThirdParty-build/zlib-prefix/src/zlib-build -I/Users/Technaharia/Downloads/Thrift-Test/ThirdParty/zlib-1.2.11 -target arm64-apple-ios13.0    -fvisibility=hidden -fvisibility-inlines-hidden  -target arm64-apple-ios13.0    -fvisibility=hidden -fvisibility-inlines-hidden  -DNDEBUG -O3 -DNDEBUG -O3  -arch arm64 -isysroot /Applications/Xcode.app/Contents/Developer/Platforms/iPhoneOS.platform/Developer/SDKs/iPhoneOS14.4.sdk -miphoneos-version-min=13.0 -MD -MT CMakeFiles/zlibstatic.dir/inffast.c.o -MF CMakeFiles/zlibstatic.dir/inffast.c.o.d -o CMakeFiles/zlibstatic.dir/inffast.c.o -c /Users/Technaharia/Downloads/Thrift-Test/ThirdParty/zlib-1.2.11/inffast.c
[ 90%] Building C object CMakeFiles/zlibstatic.dir/trees.c.o
/Applications/Xcode.app/Contents/Developer/Toolchains/XcodeDefault.xctoolchain/usr/bin/clang --target=arm64-apple-ios13.0  -I/Users/Technaharia/Downloads/Thrift-Test/build-ios/SDKThirdParty-prefix/src/SDKThirdParty-build/zlib-prefix/src/zlib-build -I/Users/Technaharia/Downloads/Thrift-Test/ThirdParty/zlib-1.2.11 -target arm64-apple-ios13.0    -fvisibility=hidden -fvisibility-inlines-hidden  -target arm64-apple-ios13.0    -fvisibility=hidden -fvisibility-inlines-hidden  -DNDEBUG -O3 -DNDEBUG -O3  -arch arm64 -isysroot /Applications/Xcode.app/Contents/Developer/Platforms/iPhoneOS.platform/Developer/SDKs/iPhoneOS14.4.sdk -miphoneos-version-min=13.0 -MD -MT CMakeFiles/zlibstatic.dir/trees.c.o -MF CMakeFiles/zlibstatic.dir/trees.c.o.d -o CMakeFiles/zlibstatic.dir/trees.c.o -c /Users/Technaharia/Downloads/Thrift-Test/ThirdParty/zlib-1.2.11/trees.c
[ 93%] Building C object CMakeFiles/zlibstatic.dir/uncompr.c.o
/Applications/Xcode.app/Contents/Developer/Toolchains/XcodeDefault.xctoolchain/usr/bin/clang --target=arm64-apple-ios13.0  -I/Users/Technaharia/Downloads/Thrift-Test/build-ios/SDKThirdParty-prefix/src/SDKThirdParty-build/zlib-prefix/src/zlib-build -I/Users/Technaharia/Downloads/Thrift-Test/ThirdParty/zlib-1.2.11 -target arm64-apple-ios13.0    -fvisibility=hidden -fvisibility-inlines-hidden  -target arm64-apple-ios13.0    -fvisibility=hidden -fvisibility-inlines-hidden  -DNDEBUG -O3 -DNDEBUG -O3  -arch arm64 -isysroot /Applications/Xcode.app/Contents/Developer/Platforms/iPhoneOS.platform/Developer/SDKs/iPhoneOS14.4.sdk -miphoneos-version-min=13.0 -MD -MT CMakeFiles/zlibstatic.dir/uncompr.c.o -MF CMakeFiles/zlibstatic.dir/uncompr.c.o.d -o CMakeFiles/zlibstatic.dir/uncompr.c.o -c /Users/Technaharia/Downloads/Thrift-Test/ThirdParty/zlib-1.2.11/uncompr.c
[ 96%] Building C object CMakeFiles/zlibstatic.dir/zutil.c.o
/Applications/Xcode.app/Contents/Developer/Toolchains/XcodeDefault.xctoolchain/usr/bin/clang --target=arm64-apple-ios13.0  -I/Users/Technaharia/Downloads/Thrift-Test/build-ios/SDKThirdParty-prefix/src/SDKThirdParty-build/zlib-prefix/src/zlib-build -I/Users/Technaharia/Downloads/Thrift-Test/ThirdParty/zlib-1.2.11 -target arm64-apple-ios13.0    -fvisibility=hidden -fvisibility-inlines-hidden  -target arm64-apple-ios13.0    -fvisibility=hidden -fvisibility-inlines-hidden  -DNDEBUG -O3 -DNDEBUG -O3  -arch arm64 -isysroot /Applications/Xcode.app/Contents/Developer/Platforms/iPhoneOS.platform/Developer/SDKs/iPhoneOS14.4.sdk -miphoneos-version-min=13.0 -MD -MT CMakeFiles/zlibstatic.dir/zutil.c.o -MF CMakeFiles/zlibstatic.dir/zutil.c.o.d -o CMakeFiles/zlibstatic.dir/zutil.c.o -c /Users/Technaharia/Downloads/Thrift-Test/ThirdParty/zlib-1.2.11/zutil.c
[100%] Linking C static library libz.a
/Applications/CMake.app/Contents/bin/cmake -P CMakeFiles/zlibstatic.dir/cmake_clean_target.cmake
/Applications/CMake.app/Contents/bin/cmake -E cmake_link_script CMakeFiles/zlibstatic.dir/link.txt --verbose=1
/Applications/Xcode.app/Contents/Developer/Toolchains/XcodeDefault.xctoolchain/usr/bin/ar qc libz.a CMakeFiles/zlibstatic.dir/adler32.c.o CMakeFiles/zlibstatic.dir/compress.c.o CMakeFiles/zlibstatic.dir/crc32.c.o CMakeFiles/zlibstatic.dir/deflate.c.o CMakeFiles/zlibstatic.dir/gzclose.c.o CMakeFiles/zlibstatic.dir/gzlib.c.o CMakeFiles/zlibstatic.dir/gzread.c.o CMakeFiles/zlibstatic.dir/gzwrite.c.o CMakeFiles/zlibstatic.dir/inflate.c.o CMakeFiles/zlibstatic.dir/infback.c.o CMakeFiles/zlibstatic.dir/inftrees.c.o CMakeFiles/zlibstatic.dir/inffast.c.o CMakeFiles/zlibstatic.dir/trees.c.o CMakeFiles/zlibstatic.dir/uncompr.c.o CMakeFiles/zlibstatic.dir/zutil.c.o
/Applications/Xcode.app/Contents/Developer/Toolchains/XcodeDefault.xctoolchain/usr/bin/ranlib libz.a
[100%] Built target zlibstatic
/Applications/CMake.app/Contents/bin/cmake -E cmake_progress_start /Users/Technaharia/Downloads/Thrift-Test/build-ios/SDKThirdParty-prefix/src/SDKThirdParty-build/zlib-prefix/src/zlib-build/CMakeFiles 0

cd /Users/Technaharia/Downloads/Thrift-Test/build-ios/SDKThirdParty-prefix/src/SDKThirdParty-build/zlib-prefix/src/zlib-build && /Applications/CMake.app/Contents/bin/cmake -E touch /Users/Technaharia/Downloads/Thrift-Test/build-ios/SDKThirdParty-prefix/src/SDKThirdParty-build/zlib-prefix/src/zlib-stamp/zlib-build
[ 19%] Performing install step for 'zlib'
cd /Users/Technaharia/Downloads/Thrift-Test/build-ios/SDKThirdParty-prefix/src/SDKThirdParty-build/zlib-prefix/src/zlib-build && /Applications/CMake.app/Contents/bin/cmake --install /Users/Technaharia/Downloads/Thrift-Test/build-ios/SDKThirdParty-prefix/src/SDKThirdParty-build/zlib-prefix/src/zlib-build --prefix /Users/Technaharia/Downloads/Thrift-Test/build-ios/staging
-- Install configuration: "Release"
-- Installing: /Users/Technaharia/Downloads/Thrift-Test/build-ios/staging/lib/libz.1.2.11.dylib
-- Installing: /Users/Technaharia/Downloads/Thrift-Test/build-ios/staging/lib/libz.1.dylib
-- Installing: /Users/Technaharia/Downloads/Thrift-Test/build-ios/staging/lib/libz.dylib
-- Installing: /Users/Technaharia/Downloads/Thrift-Test/build-ios/staging/lib/libz.a
-- Installing: /Users/Technaharia/Downloads/Thrift-Test/build-ios/staging/include/zconf.h
-- Installing: /Users/Technaharia/Downloads/Thrift-Test/build-ios/staging/include/zlib.h
-- Installing: /Users/Technaharia/Downloads/Thrift-Test/build-ios/staging/share/man/man3/zlib.3
-- Installing: /Users/Technaharia/Downloads/Thrift-Test/build-ios/staging/share/pkgconfig/zlib.pc
cd /Users/Technaharia/Downloads/Thrift-Test/build-ios/SDKThirdParty-prefix/src/SDKThirdParty-build/zlib-prefix/src/zlib-build && /Applications/CMake.app/Contents/bin/cmake -E touch /Users/Technaharia/Downloads/Thrift-Test/build-ios/SDKThirdParty-prefix/src/SDKThirdParty-build/zlib-prefix/src/zlib-stamp/zlib-install
[ 22%] Performing fixinstallname step for 'zlib'
/usr/bin/install_name_tool -id @rpath/libz.1.dylib /Users/Technaharia/Downloads/Thrift-Test/build-ios/staging/lib/libz.1.dylib
/usr/bin/install_name_tool -id @rpath/libz.1.dylib /Users/Technaharia/Downloads/Thrift-Test/build-ios/staging/lib/libz.1.2.11.dylib
/Applications/CMake.app/Contents/bin/cmake -E touch /Users/Technaharia/Downloads/Thrift-Test/build-ios/SDKThirdParty-prefix/src/SDKThirdParty-build/zlib-prefix/src/zlib-stamp/zlib-fixinstallname
[ 25%] Completed 'zlib'
/Applications/CMake.app/Contents/bin/cmake -E make_directory /Users/Technaharia/Downloads/Thrift-Test/build-ios/SDKThirdParty-prefix/src/SDKThirdParty-build/CMakeFiles
/Applications/CMake.app/Contents/bin/cmake -E touch /Users/Technaharia/Downloads/Thrift-Test/build-ios/SDKThirdParty-prefix/src/SDKThirdParty-build/CMakeFiles/zlib-complete
/Applications/CMake.app/Contents/bin/cmake -E touch /Users/Technaharia/Downloads/Thrift-Test/build-ios/SDKThirdParty-prefix/src/SDKThirdParty-build/zlib-prefix/src/zlib-stamp/zlib-done
[ 25%] Built target zlib
/Applications/Xcode.app/Contents/Developer/usr/bin/make  -f CMakeFiles/openssl.dir/build.make CMakeFiles/openssl.dir/depend
cd /Users/Technaharia/Downloads/Thrift-Test/build-ios/SDKThirdParty-prefix/src/SDKThirdParty-build && /Applications/CMake.app/Contents/bin/cmake -E cmake_depends "Unix Makefiles" /Users/Technaharia/Downloads/Thrift-Test/ThirdParty /Users/Technaharia/Downloads/Thrift-Test/ThirdParty /Users/Technaharia/Downloads/Thrift-Test/build-ios/SDKThirdParty-prefix/src/SDKThirdParty-build /Users/Technaharia/Downloads/Thrift-Test/build-ios/SDKThirdParty-prefix/src/SDKThirdParty-build /Users/Technaharia/Downloads/Thrift-Test/build-ios/SDKThirdParty-prefix/src/SDKThirdParty-build/CMakeFiles/openssl.dir/DependInfo.cmake "--color="
/Applications/Xcode.app/Contents/Developer/usr/bin/make  -f CMakeFiles/openssl.dir/build.make CMakeFiles/openssl.dir/build
[ 27%] Creating directories for 'openssl'
/Applications/CMake.app/Contents/bin/cmake -Dcfgdir= -P /Users/Technaharia/Downloads/Thrift-Test/build-ios/SDKThirdParty-prefix/src/SDKThirdParty-build/openssl-prefix/tmp/openssl-mkdirs.cmake
/Applications/CMake.app/Contents/bin/cmake -E touch /Users/Technaharia/Downloads/Thrift-Test/build-ios/SDKThirdParty-prefix/src/SDKThirdParty-build/openssl-prefix/src/openssl-stamp/openssl-mkdir
[ 30%] No download step for 'openssl'
/Applications/CMake.app/Contents/bin/cmake -E echo_append
/Applications/CMake.app/Contents/bin/cmake -E touch /Users/Technaharia/Downloads/Thrift-Test/build-ios/SDKThirdParty-prefix/src/SDKThirdParty-build/openssl-prefix/src/openssl-stamp/openssl-download
[ 33%] No update step for 'openssl'
/Applications/CMake.app/Contents/bin/cmake -E echo_append
/Applications/CMake.app/Contents/bin/cmake -E touch /Users/Technaharia/Downloads/Thrift-Test/build-ios/SDKThirdParty-prefix/src/SDKThirdParty-build/openssl-prefix/src/openssl-stamp/openssl-update
[ 36%] No patch step for 'openssl'
/Applications/CMake.app/Contents/bin/cmake -E echo_append
/Applications/CMake.app/Contents/bin/cmake -E touch /Users/Technaharia/Downloads/Thrift-Test/build-ios/SDKThirdParty-prefix/src/SDKThirdParty-build/openssl-prefix/src/openssl-stamp/openssl-patch
[ 38%] Performing configure step for 'openssl'
cd /Users/Technaharia/Downloads/Thrift-Test/build-ios/SDKThirdParty-prefix/src/SDKThirdParty-build/openssl-prefix/src/openssl-build && /Users/Technaharia/Downloads/Thrift-Test/ThirdParty/openssl-1.1.1c/Configure ios64-cross --prefix=/Users/Technaharia/Downloads/Thrift-Test/build-ios/staging no-asm
Configuring OpenSSL version 1.1.1c (0x1010103fL) for ios64-cross
Using os-specific seed configuration

